# JRE version: Java(TM) SE Runtime Environment (17.0.12+8) (build 17.0.12+8-LTS-286)
# Java VM: Java HotSpot(TM) 64-Bit Server VM (17.0.12+8-LTS-286, mixed mode, sharing, tiered, compressed oops, compressed class ptrs, g1 gc, windows-amd64)
GC Precious Log:
 CPUs: 16 total, 16 available
 Memory: 16147M
 Large Page Support: Disabled
 NUMA Support: Disabled
 Compressed Oops: Enabled (Zero based)
 Heap Region Size: 2M
 Heap Min Capacity: 8M
 Heap Initial Capacity: 254M
 Heap Max Capacity: 4038M
 Pre-touch: Disabled
 Parallel Workers: 13
 Concurrent Workers: 3
 Concurrent Refinement Workers: 13
 Periodic GC: Disabled
Heap:
 garbage-first heap   total 538624K, used 250631K [0x0000000703a00000, 0x0000000800000000)
  region size 2048K, 87 young (178176K), 6 survivors (12288K)
 Metaspace       used 104907K, committed 105664K, reserved 1179648K
  class space    used 13982K, committed 14336K, reserved 1048576K
GC Heap History (20 events):
Event: 7.089 GC heap before
{Heap before GC invocations=17 (full 0):
 garbage-first heap   total 425984K, used 86354K [0x0000000703a00000, 0x0000000800000000)
  region size 2048K, 15 young (30720K), 6 survivors (12288K)
 Metaspace       used 60455K, committed 60928K, reserved 1114112K
  class space    used 7570K, committed 7808K, reserved 1048576K
}
Event: 7.094 GC heap after
{Heap after GC invocations=18 (full 0):
 garbage-first heap   total 425984K, used 70634K [0x0000000703a00000, 0x0000000800000000)
  region size 2048K, 7 young (14336K), 7 survivors (14336K)
 Metaspace       used 60455K, committed 60928K, reserved 1114112K
  class space    used 7570K, committed 7808K, reserved 1048576K
}
Event: 7.699 GC heap before
{Heap before GC invocations=19 (full 0):
 garbage-first heap   total 260096K, used 211946K [0x0000000703a00000, 0x0000000800000000)
  region size 2048K, 76 young (155648K), 7 survivors (14336K)
 Metaspace       used 69031K, committed 69568K, reserved 1114112K
  class space    used 8901K, committed 9152K, reserved 1048576K
}
Event: 7.705 GC heap after
{Heap after GC invocations=20 (full 0):
 garbage-first heap   total 260096K, used 74069K [0x0000000703a00000, 0x0000000800000000)
  region size 2048K, 6 young (12288K), 6 survivors (12288K)
 Metaspace       used 69031K, committed 69568K, reserved 1114112K
  class space    used 8901K, committed 9152K, reserved 1048576K
}
Event: 7.712 GC heap before
{Heap before GC invocations=20 (full 0):
 garbage-first heap   total 260096K, used 76117K [0x0000000703a00000, 0x0000000800000000)
  region size 2048K, 7 young (14336K), 6 survivors (12288K)
 Metaspace       used 69133K, committed 69696K, reserved 1114112K
  class space    used 8913K, committed 9152K, reserved 1048576K
}
Event: 7.716 GC heap after
{Heap after GC invocations=21 (full 0):
 garbage-first heap   total 260096K, used 74776K [0x0000000703a00000, 0x0000000800000000)
  region size 2048K, 1 young (2048K), 1 survivors (2048K)
 Metaspace       used 69133K, committed 69696K, reserved 1114112K
  class space    used 8913K, committed 9152K, reserved 1048576K
}
Event: 8.450 GC heap before
{Heap before GC invocations=21 (full 0):
 garbage-first heap   total 260096K, used 211992K [0x0000000703a00000, 0x0000000800000000)
  region size 2048K, 69 young (141312K), 1 survivors (2048K)
 Metaspace       used 78459K, committed 79104K, reserved 1179648K
  class space    used 10284K, committed 10624K, reserved 1048576K
}
Event: 8.453 GC heap after
{Heap after GC invocations=22 (full 0):
 garbage-first heap   total 260096K, used 74690K [0x0000000703a00000, 0x0000000800000000)
  region size 2048K, 1 young (2048K), 1 survivors (2048K)
 Metaspace       used 78459K, committed 79104K, reserved 1179648K
  class space    used 10284K, committed 10624K, reserved 1048576K
}
Event: 9.274 GC heap before
{Heap before GC invocations=23 (full 0):
 garbage-first heap   total 260096K, used 216002K [0x0000000703a00000, 0x0000000800000000)
  region size 2048K, 70 young (143360K), 1 survivors (2048K)
 Metaspace       used 86536K, committed 87168K, reserved 1179648K
  class space    used 11595K, committed 11904K, reserved 1048576K
}
Event: 9.279 GC heap after
{Heap after GC invocations=24 (full 0):
 garbage-first heap   total 260096K, used 78852K [0x0000000703a00000, 0x0000000800000000)
  region size 2048K, 3 young (6144K), 3 survivors (6144K)
 Metaspace       used 86536K, committed 87168K, reserved 1179648K
  class space    used 11595K, committed 11904K, reserved 1048576K
}
Event: 9.309 GC heap before
{Heap before GC invocations=24 (full 0):
 garbage-first heap   total 260096K, used 84996K [0x0000000703a00000, 0x0000000800000000)
  region size 2048K, 6 young (12288K), 3 survivors (6144K)
 Metaspace       used 86564K, committed 87168K, reserved 1179648K
  class space    used 11595K, committed 11904K, reserved 1048576K
}
Event: 9.313 GC heap after
{Heap after GC invocations=25 (full 0):
 garbage-first heap   total 260096K, used 78307K [0x0000000703a00000, 0x0000000800000000)
  region size 2048K, 1 young (2048K), 1 survivors (2048K)
 Metaspace       used 86564K, committed 87168K, reserved 1179648K
  class space    used 11595K, committed 11904K, reserved 1048576K
}
Event: 9.825 GC heap before
{Heap before GC invocations=25 (full 0):
 garbage-first heap   total 260096K, used 215523K [0x0000000703a00000, 0x0000000800000000)
  region size 2048K, 68 young (139264K), 1 survivors (2048K)
 Metaspace       used 90399K, committed 91008K, reserved 1179648K
  class space    used 12227K, committed 12544K, reserved 1048576K
}
Event: 9.828 GC heap after
{Heap after GC invocations=26 (full 0):
 garbage-first heap   total 260096K, used 79994K [0x0000000703a00000, 0x0000000800000000)
  region size 2048K, 2 young (4096K), 2 survivors (4096K)
 Metaspace       used 90399K, committed 91008K, reserved 1179648K
  class space    used 12227K, committed 12544K, reserved 1048576K
}
Event: 9.999 GC heap before
{Heap before GC invocations=26 (full 0):
 garbage-first heap   total 260096K, used 217210K [0x0000000703a00000, 0x0000000800000000)
  region size 2048K, 69 young (141312K), 2 survivors (4096K)
 Metaspace       used 90523K, committed 91136K, reserved 1179648K
  class space    used 12245K, committed 12544K, reserved 1048576K
}
Event: 10.002 GC heap after
{Heap after GC invocations=27 (full 0):
 garbage-first heap   total 260096K, used 81588K [0x0000000703a00000, 0x0000000800000000)
  region size 2048K, 3 young (6144K), 3 survivors (6144K)
 Metaspace       used 90523K, committed 91136K, reserved 1179648K
  class space    used 12245K, committed 12544K, reserved 1048576K
}
Event: 10.150 GC heap before
{Heap before GC invocations=27 (full 0):
 garbage-first heap   total 260096K, used 218804K [0x0000000703a00000, 0x0000000800000000)
  region size 2048K, 70 young (143360K), 3 survivors (6144K)
 Metaspace       used 90534K, committed 91136K, reserved 1179648K
  class space    used 12245K, committed 12544K, reserved 1048576K
}
Event: 10.156 GC heap after
{Heap after GC invocations=28 (full 0):
 garbage-first heap   total 538624K, used 86884K [0x0000000703a00000, 0x0000000800000000)
  region size 2048K, 5 young (10240K), 5 survivors (10240K)
 Metaspace       used 90534K, committed 91136K, reserved 1179648K
  class space    used 12245K, committed 12544K, reserved 1048576K
}
Event: 37.518 GC heap before
{Heap before GC invocations=28 (full 0):
 garbage-first heap   total 538624K, used 396132K [0x0000000703a00000, 0x0000000800000000)
  region size 2048K, 157 young (321536K), 5 survivors (10240K)
 Metaspace       used 102057K, committed 102784K, reserved 1179648K
  class space    used 13745K, committed 14080K, reserved 1048576K
}
Event: 37.525 GC heap after
{Heap after GC invocations=29 (full 0):
 garbage-first heap   total 538624K, used 88839K [0x0000000703a00000, 0x0000000800000000)
  region size 2048K, 6 young (12288K), 6 survivors (12288K)
 Metaspace       used 102057K, committed 102784K, reserved 1179648K
  class space    used 13745K, committed 14080K, reserved 1048576K
}

